<?xml version="1.0" encoding="UTF-8"?>
<!-- Generated by org.testng.reporters.JUnitXMLReporter -->
<testsuite ignored="0" hostname="ShwetaHome" failures="0" tests="6" name="Regression" time="109.726" errors="0" timestamp="2022-10-05T17:22:55 PDT">
  <testcase classname="com.firebase.test.tests.AutomationTest" name="ForgotPassword4A" time="8.198"/>
  <testcase classname="com.firebase.test.tests.AutomationTest" name="ForgotPassword4B" time="3.387"/>
  <testcase classname="com.firebase.test.tests.AutomationTest" name="checkRememberMe3" time="19.914"/>
  <testcase classname="com.firebase.test.tests.AutomationTest" name="chromeTC05" time="11.701"/>
  <testcase classname="com.firebase.test.tests.AutomationTest" name="loginErrorMessage" time="3.504"/>
  <testcase classname="com.firebase.test.tests.AutomationTest" name="loginToSalesforce1" time="9.538"/>
</testsuite> <!-- Regression -->
