<?xml version="1.0" encoding="UTF-8"?>
<testng-results ignored="5" total="6" passed="1" failed="0" skipped="0">
  <reporter-output>
  </reporter-output>
  <suite started-at="2022-10-05T17:08:15 PDT" name="Suite1" finished-at="2022-10-05T17:08:30 PDT" duration-ms="15775">
    <groups>
    </groups>
    <test started-at="2022-10-05T17:08:15 PDT" name="Regression" finished-at="2022-10-05T17:08:30 PDT" duration-ms="15775">
      <class name="com.firebase.test.tests.AutomationTest">
        <test-method is-config="true" signature="setupBeforeTest()[pri:0, instance:com.firebase.test.tests.AutomationTest@6c2c1385]" started-at="2022-10-05T17:08:15 PDT" name="setupBeforeTest" finished-at="2022-10-05T17:08:15 PDT" duration-ms="209" status="PASS">
          <reporter-output>
          </reporter-output>
        </test-method> <!-- setupBeforeTest -->
        <test-method is-config="true" signature="setUp(java.lang.String,java.lang.reflect.Method)[pri:0, instance:com.firebase.test.tests.AutomationTest@6c2c1385]" started-at="2022-10-05T17:08:15 PDT" name="setUp" finished-at="2022-10-05T17:08:20 PDT" duration-ms="5501" status="PASS">
          <params>
            <param index="0">
              <value>
                <![CDATA[chrome]]>
              </value>
            </param>
            <param index="1">
              <value>
                <![CDATA[public static void com.firebase.test.tests.AutomationTest.ForgotPassword4B() throws java.lang.InterruptedException,java.io.IOException]]>
              </value>
            </param>
          </params>
          <reporter-output>
          </reporter-output>
        </test-method> <!-- setUp -->
        <test-method signature="ForgotPassword4B()[pri:0, instance:com.firebase.test.tests.AutomationTest@6c2c1385]" started-at="2022-10-05T17:08:20 PDT" name="ForgotPassword4B" finished-at="2022-10-05T17:08:24 PDT" duration-ms="3658" status="PASS">
          <reporter-output>
          </reporter-output>
        </test-method> <!-- ForgotPassword4B -->
        <test-method is-config="true" signature="tearDown()[pri:0, instance:com.firebase.test.tests.AutomationTest@6c2c1385]" started-at="2022-10-05T17:08:24 PDT" name="tearDown" finished-at="2022-10-05T17:08:30 PDT" duration-ms="5997" status="PASS">
          <reporter-output>
          </reporter-output>
        </test-method> <!-- tearDown -->
        <test-method is-config="true" signature="tearDownAfterTest()[pri:0, instance:com.firebase.test.tests.AutomationTest@6c2c1385]" started-at="2022-10-05T17:08:30 PDT" name="tearDownAfterTest" finished-at="2022-10-05T17:08:30 PDT" duration-ms="356" status="PASS">
          <reporter-output>
          </reporter-output>
        </test-method> <!-- tearDownAfterTest -->
      </class> <!-- com.firebase.test.tests.AutomationTest -->
    </test> <!-- Regression -->
  </suite> <!-- Suite1 -->
</testng-results>
